<?xml version="1.0" encoding="UTF-8"?>
<testsuite xmlns:xsi="http://www.w3.org/2001/XMLSchema-instance" xsi:noNamespaceSchemaLocation="https://maven.apache.org/surefire/maven-surefire-plugin/xsd/surefire-test-report-3.0.xsd" version="3.0" name="com.eventledger.account.controller.AccountServiceIntegrationTest" time="6.137" tests="12" errors="0" skipped="0" failures="0">
  <properties>
[...]
</properties>
  <testcase name="healthCheck" classname="com.eventledger.account.controller.AccountServiceIntegrationTest" time="0.87">
    <system-out><![CDATA[02:04:02.879 [main] INFO org.springframework.test.context.support.AnnotationConfigContextLoaderUtils -- Could not detect default configuration classes for test class [com.eventledger.account.controller.AccountServiceIntegrationTest]: AccountServiceIntegrationTest does not declare any static, non-private, non-final, nested classes annotated with @Configuration.
02:04:03.063 [main] INFO org.springframework.boot.test.context.SpringBootTestContextBootstrapper -- Found @SpringBootConfiguration com.eventledger.account.AccountServiceApplication for test class com.eventledger.account.controller.AccountServiceIntegrationTest

  .   ____          _            __ _ _
 /\\ / ___'_ __ _ _(_)_ __  __ _ \ \ \ \
( ( )\___ | '_ | '_| | '_ \/ _` | \ \ \ \
 \\/  ___)| |_)| | | | | || (_| |  ) ) ) )
  '  |____| .__|_| |_|_| |_\__, | / / / /
 =========|_|==============|___/=/_/_/_/

 :: Spring Boot ::                (v3.3.5)

{"@timestamp":"2026-06-03T02:04:03.948999225Z","@version":"1","message":"HV000001: Hibernate Validator 8.0.1.Final","logger_name":"org.hibernate.validator.internal.util.Version","thread_name":"background-preinit","level":"INFO","level_value":20000,"service":"account-service"}
{"@timestamp":"2026-06-03T02:04:04.039346922Z","@version":"1","message":"Starting AccountServiceIntegrationTest using Java 21.0.11 with PID 1095989 (started by root in /opt/event-ledger/account-service)","logger_name":"com.eventledger.account.controller.AccountServiceIntegrationTest","thread_name":"main","level":"INFO","level_value":20000,"service":"account-service"}
{"@timestamp":"2026-06-03T02:04:04.041465796Z","@version":"1","message":"No active profile set, falling back to 1 default profile: \"default\"","logger_name":"com.eventledger.account.controller.AccountServiceIntegrationTest","thread_name":"main","level":"INFO","level_value":20000,"service":"account-service"}
{"@timestamp":"2026-06-03T02:04:05.251638708Z","@version":"1","message":"Bootstrapping Spring Data JDBC repositories in DEFAULT mode.","logger_name":"org.springframework.data.repository.config.RepositoryConfigurationDelegate","thread_name":"main","level":"INFO","level_value":20000,"service":"account-service"}
{"@timestamp":"2026-06-03T02:04:05.294379752Z","@version":"1","message":"Finished Spring Data repository scanning in 38 ms. Found 1 JDBC repository interface.","logger_name":"org.springframework.data.repository.config.RepositoryConfigurationDelegate","thread_name":"main","level":"INFO","level_value":20000,"service":"account-service"}
{"@timestamp":"2026-06-03T02:04:05.662242641Z","@version":"1","message":"HikariPool-1 - Starting...","logger_name":"com.zaxxer.hikari.HikariDataSource","thread_name":"main","level":"INFO","level_value":20000,"service":"account-service"}
{"@timestamp":"2026-06-03T02:04:05.888068882Z","@version":"1","message":"HikariPool-1 - Added connection conn0: url=jdbc:h2:mem:testdb user=SA","logger_name":"com.zaxxer.hikari.pool.HikariPool","thread_name":"main","level":"INFO","level_value":20000,"service":"account-service"}
{"@timestamp":"2026-06-03T02:04:05.890009586Z","@version":"1","message":"HikariPool-1 - Start completed.","logger_name":"com.zaxxer.hikari.HikariDataSource","thread_name":"main","level":"INFO","level_value":20000,"service":"account-service"}
{"@timestamp":"2026-06-03T02:04:06.855878503Z","@version":"1","message":"Initializing Spring TestDispatcherServlet ''","logger_name":"org.springframework.boot.test.mock.web.SpringBootMockServletContext","thread_name":"main","level":"INFO","level_value":20000,"service":"account-service"}
{"@timestamp":"2026-06-03T02:04:06.85677327Z","@version":"1","message":"Initializing Servlet ''","logger_name":"org.springframework.test.web.servlet.TestDispatcherServlet","thread_name":"main","level":"INFO","level_value":20000,"service":"account-service"}
{"@timestamp":"2026-06-03T02:04:06.859149285Z","@version":"1","message":"Completed initialization in 2 ms","logger_name":"org.springframework.test.web.servlet.TestDispatcherServlet","thread_name":"main","level":"INFO","level_value":20000,"service":"account-service"}
{"@timestamp":"2026-06-03T02:04:06.920865813Z","@version":"1","message":"Started AccountServiceIntegrationTest in 3.461 seconds (process running for 5.664)","logger_name":"com.eventledger.account.controller.AccountServiceIntegrationTest","thread_name":"main","level":"INFO","level_value":20000,"service":"account-service"}
]]></system-out>
    <system-err><![CDATA[WARNING: A Java agent has been loaded dynamically (/root/.m2/repository/net/bytebuddy/byte-buddy-agent/1.14.19/byte-buddy-agent-1.14.19.jar)
WARNING: If a serviceability tool is in use, please run with -XX:+EnableDynamicAgentLoading to hide this warning
WARNING: If a serviceability tool is not in use, please run with -Djdk.instrument.traceUsage for more information
WARNING: Dynamic loading of agents will be disallowed by default in a future release
]]></system-err>
  </testcase>
  <testcase name="traceIdEchoed" classname="com.eventledger.account.controller.AccountServiceIntegrationTest" time="0.336">
    <system-out><![CDATA[{"@timestamp":"2026-06-03T02:04:08.230944066Z","@version":"1","message":"event_id=9c4b1160-3b73-4984-8e05-0d48486debbb account_id=acc-9 type=CREDIT amount=50.00 applied","logger_name":"com.eventledger.account.service.AccountService","thread_name":"main","level":"INFO","level_value":20000,"trace_id":"test-trace-2801c60e-038a-45e0-9c8f-33fb00c97904","service":"account-service"}
]]></system-out>
  </testcase>
  <testcase name="validationRejectsBlankEventId" classname="com.eventledger.account.controller.AccountServiceIntegrationTest" time="0.038"/>
  <testcase name="accountIsolation" classname="com.eventledger.account.controller.AccountServiceIntegrationTest" time="0.042">
    <system-out><![CDATA[{"@timestamp":"2026-06-03T02:04:08.303237357Z","@version":"1","message":"event_id=d8e47ccb-6f52-4e50-95db-efbe1ce756ac account_id=acc-A type=CREDIT amount=100.00 applied","logger_name":"com.eventledger.account.service.AccountService","thread_name":"main","level":"INFO","level_value":20000,"trace_id":"7ecde365-a6e9-46ba-b3ec-5391a3a6d9bb","service":"account-service"}
{"@timestamp":"2026-06-03T02:04:08.312293824Z","@version":"1","message":"event_id=eacfc7d0-3cee-48a5-9d4c-8034ea0e8a7f account_id=acc-B type=CREDIT amount=999.00 applied","logger_name":"com.eventledger.account.service.AccountService","thread_name":"main","level":"INFO","level_value":20000,"trace_id":"80294154-0797-4c64-8d41-fe93c7469870","service":"account-service"}
]]></system-out>
  </testcase>
  <testcase name="duplicateIdempotency" classname="com.eventledger.account.controller.AccountServiceIntegrationTest" time="0.034">
    <system-out><![CDATA[{"@timestamp":"2026-06-03T02:04:08.344259405Z","@version":"1","message":"event_id=14980cf4-81d0-4e13-b945-95dd80737a8d account_id=acc-4 type=CREDIT amount=100.00 applied","logger_name":"com.eventledger.account.service.AccountService","thread_name":"main","level":"INFO","level_value":20000,"trace_id":"0f3a396c-b92a-4748-ad5d-4684d17bac8a","service":"account-service"}
]]></system-out>
  </testcase>
  <testcase name="unknownAccountBalance" classname="com.eventledger.account.controller.AccountServiceIntegrationTest" time="0.017"/>
  <testcase name="balanceCorrectOutOfOrder" classname="com.eventledger.account.controller.AccountServiceIntegrationTest" time="0.082">
    <system-out><![CDATA[{"@timestamp":"2026-06-03T02:04:08.413379963Z","@version":"1","message":"event_id=0df8cb8e-73da-4d83-95d8-1ada6031a87f account_id=acc-3 type=DEBIT amount=100.00 applied","logger_name":"com.eventledger.account.service.AccountService","thread_name":"main","level":"INFO","level_value":20000,"trace_id":"4fed9cbc-7583-4f34-8b54-c5ba8a7939fb","service":"account-service"}
{"@timestamp":"2026-06-03T02:04:08.425490324Z","@version":"1","message":"event_id=8296380d-3328-4711-b4f7-b8bc2c6d279f account_id=acc-3 type=CREDIT amount=500.00 applied","logger_name":"com.eventledger.account.service.AccountService","thread_name":"main","level":"INFO","level_value":20000,"trace_id":"d07d8d70-745e-48f8-9986-7c352b9a23ea","service":"account-service"}
{"@timestamp":"2026-06-03T02:04:08.441086225Z","@version":"1","message":"event_id=a5986a55-659a-474c-abd5-0e9aac537831 account_id=acc-3 type=DEBIT amount=50.00 applied","logger_name":"com.eventledger.account.service.AccountService","thread_name":"main","level":"INFO","level_value":20000,"trace_id":"a8d4dd2d-16c9-44e1-8d13-28acb29406ca","service":"account-service"}
]]></system-out>
  </testcase>
  <testcase name="creditMinusDebit" classname="com.eventledger.account.controller.AccountServiceIntegrationTest" time="0.031">
    <system-out><![CDATA[{"@timestamp":"2026-06-03T02:04:08.491703609Z","@version":"1","message":"event_id=121c19c9-bb4c-4817-be94-0c5dc0fcceb7 account_id=acc-2 type=CREDIT amount=500.00 applied","logger_name":"com.eventledger.account.service.AccountService","thread_name":"main","level":"INFO","level_value":20000,"trace_id":"1b2b006e-1204-4fe6-8f2f-dc3991398bee","service":"account-service"}
{"@timestamp":"2026-06-03T02:04:08.498192774Z","@version":"1","message":"event_id=d3d2556b-4ec4-49b5-a314-80229e5869e3 account_id=acc-2 type=DEBIT amount=200.00 applied","logger_name":"com.eventledger.account.service.AccountService","thread_name":"main","level":"INFO","level_value":20000,"trace_id":"6dc30d55-20e8-4208-b46f-cdbba29db6e8","service":"account-service"}
]]></system-out>
  </testcase>
  <testcase name="duplicateResponseShape" classname="com.eventledger.account.controller.AccountServiceIntegrationTest" time="0.016">
    <system-out><![CDATA[{"@timestamp":"2026-06-03T02:04:08.514674002Z","@version":"1","message":"event_id=422bd182-4091-4b5a-9562-b57deed5a697 account_id=acc-5 type=CREDIT amount=75.00 applied","logger_name":"com.eventledger.account.service.AccountService","thread_name":"main","level":"INFO","level_value":20000,"trace_id":"4910ea39-2c64-4592-9c4b-7114c60db198","service":"account-service"}
]]></system-out>
  </testcase>
  <testcase name="validationRejectsBadType" classname="com.eventledger.account.controller.AccountServiceIntegrationTest" time="0.009"/>
  <testcase name="singleCredit" classname="com.eventledger.account.controller.AccountServiceIntegrationTest" time="0.016">
    <system-out><![CDATA[{"@timestamp":"2026-06-03T02:04:08.542966963Z","@version":"1","message":"event_id=6365bbd4-b732-4b63-a015-5df4aeb025d1 account_id=acc-1 type=CREDIT amount=250.00 applied","logger_name":"com.eventledger.account.service.AccountService","thread_name":"main","level":"INFO","level_value":20000,"trace_id":"84fb2438-dca4-4ca8-b935-dde0e41ed811","service":"account-service"}
]]></system-out>
  </testcase>
  <testcase name="validationRejectsZeroAmount" classname="com.eventledger.account.controller.AccountServiceIntegrationTest" time="0.03"/>
</testsuite>