<?xml version="1.0" encoding="UTF-8"?>
<testsuite xmlns:xsi="http://www.w3.org/2001/XMLSchema-instance" xsi:noNamespaceSchemaLocation="https://maven.apache.org/surefire/maven-surefire-plugin/xsd/surefire-test-report-3.0.xsd" version="3.0" name="com.eventledger.gateway.controller.GatewayControllerTest" time="8.124" tests="12" errors="0" skipped="0" failures="2">
  <properties>
[...]
</properties>
  <testcase name="getEventsByAccount" classname="com.eventledger.gateway.controller.GatewayControllerTest" time="1.532">
    <system-out><![CDATA[02:04:11.244 [main] INFO org.springframework.test.context.support.AnnotationConfigContextLoaderUtils -- Could not detect default configuration classes for test class [com.eventledger.gateway.controller.GatewayControllerTest]: GatewayControllerTest does not declare any static, non-private, non-final, nested classes annotated with @Configuration.
02:04:11.366 [main] INFO org.springframework.boot.test.context.SpringBootTestContextBootstrapper -- Found @SpringBootConfiguration com.eventledger.gateway.EventGatewayApplication for test class com.eventledger.gateway.controller.GatewayControllerTest

  .   ____          _            __ _ _
 /\\ / ___'_ __ _ _(_)_ __  __ _ \ \ \ \
( ( )\___ | '_ | '_| | '_ \/ _` | \ \ \ \
 \\/  ___)| |_)| | | | | || (_| |  ) ) ) )
  '  |____| .__|_| |_|_| |_\__, | / / / /
 =========|_|==============|___/=/_/_/_/

 :: Spring Boot ::                (v3.3.5)

{"@timestamp":"2026-06-03T02:04:12.718487827Z","@version":"1","message":"HV000001: Hibernate Validator 8.0.1.Final","logger_name":"org.hibernate.validator.internal.util.Version","thread_name":"background-preinit","level":"INFO","level_value":20000,"service":"event-gateway"}
{"@timestamp":"2026-06-03T02:04:12.786199319Z","@version":"1","message":"Starting GatewayControllerTest using Java 21.0.11 with PID 1096458 (started by root in /opt/event-ledger/event-gateway)","logger_name":"com.eventledger.gateway.controller.GatewayControllerTest","thread_name":"main","level":"INFO","level_value":20000,"service":"event-gateway"}
{"@timestamp":"2026-06-03T02:04:12.788322324Z","@version":"1","message":"No active profile set, falling back to 1 default profile: \"default\"","logger_name":"com.eventledger.gateway.controller.GatewayControllerTest","thread_name":"main","level":"INFO","level_value":20000,"service":"event-gateway"}
{"@timestamp":"2026-06-03T02:04:13.779308038Z","@version":"1","message":"Bootstrapping Spring Data JDBC repositories in DEFAULT mode.","logger_name":"org.springframework.data.repository.config.RepositoryConfigurationDelegate","thread_name":"main","level":"INFO","level_value":20000,"service":"event-gateway"}
{"@timestamp":"2026-06-03T02:04:13.815640929Z","@version":"1","message":"Finished Spring Data repository scanning in 32 ms. Found 1 JDBC repository interface.","logger_name":"org.springframework.data.repository.config.RepositoryConfigurationDelegate","thread_name":"main","level":"INFO","level_value":20000,"service":"event-gateway"}
{"@timestamp":"2026-06-03T02:04:14.958685346Z","@version":"1","message":"HikariPool-1 - Starting...","logger_name":"com.zaxxer.hikari.HikariDataSource","thread_name":"main","level":"INFO","level_value":20000,"service":"event-gateway"}
{"@timestamp":"2026-06-03T02:04:15.124431405Z","@version":"1","message":"HikariPool-1 - Added connection conn0: url=jdbc:h2:mem:gatewaytestdb user=SA","logger_name":"com.zaxxer.hikari.pool.HikariPool","thread_name":"main","level":"INFO","level_value":20000,"service":"event-gateway"}
{"@timestamp":"2026-06-03T02:04:15.126108701Z","@version":"1","message":"HikariPool-1 - Start completed.","logger_name":"com.zaxxer.hikari.HikariDataSource","thread_name":"main","level":"INFO","level_value":20000,"service":"event-gateway"}
{"@timestamp":"2026-06-03T02:04:17.03983878Z","@version":"1","message":"Initializing Spring TestDispatcherServlet ''","logger_name":"org.springframework.boot.test.mock.web.SpringBootMockServletContext","thread_name":"main","level":"INFO","level_value":20000,"service":"event-gateway"}
{"@timestamp":"2026-06-03T02:04:17.040946507Z","@version":"1","message":"Initializing Servlet ''","logger_name":"org.springframework.test.web.servlet.TestDispatcherServlet","thread_name":"main","level":"INFO","level_value":20000,"service":"event-gateway"}
{"@timestamp":"2026-06-03T02:04:17.043052202Z","@version":"1","message":"Completed initialization in 1 ms","logger_name":"org.springframework.test.web.servlet.TestDispatcherServlet","thread_name":"main","level":"INFO","level_value":20000,"service":"event-gateway"}
{"@timestamp":"2026-06-03T02:04:17.123826531Z","@version":"1","message":"Started GatewayControllerTest in 4.723 seconds (process running for 6.636)","logger_name":"com.eventledger.gateway.controller.GatewayControllerTest","thread_name":"main","level":"INFO","level_value":20000,"service":"event-gateway"}
{"@timestamp":"2026-06-03T02:04:18.647668055Z","@version":"1","message":"event_id=b0a36407-6e16-4e43-8994-c03c8df2a1b3 forwarded to account-service","logger_name":"com.eventledger.gateway.service.GatewayService","thread_name":"main","level":"INFO","level_value":20000,"trace_id":"bd355bd7-1eca-406d-a9eb-717b6d4cf8df","service":"event-gateway"}
{"@timestamp":"2026-06-03T02:04:18.69032717Z","@version":"1","message":"event_id=8d4284b8-61d7-4bb6-9649-47fd21bad392 forwarded to account-service","logger_name":"com.eventledger.gateway.service.GatewayService","thread_name":"main","level":"INFO","level_value":20000,"trace_id":"cb1ab4a5-980a-4a6f-8252-2aea5a040336","service":"event-gateway"}
]]></system-out>
    <system-err><![CDATA[WARNING: A Java agent has been loaded dynamically (/root/.m2/repository/net/bytebuddy/byte-buddy-agent/1.14.19/byte-buddy-agent-1.14.19.jar)
WARNING: If a serviceability tool is in use, please run with -XX:+EnableDynamicAgentLoading to hide this warning
WARNING: If a serviceability tool is not in use, please run with -Djdk.instrument.traceUsage for more information
WARNING: Dynamic loading of agents will be disallowed by default in a future release
]]></system-err>
  </testcase>
  <testcase name="healthCheck" classname="com.eventledger.gateway.controller.GatewayControllerTest" time="0.024"/>
  <testcase name="createEvent_returns201" classname="com.eventledger.gateway.controller.GatewayControllerTest" time="0.022">
    <system-out><![CDATA[{"@timestamp":"2026-06-03T02:04:18.807491119Z","@version":"1","message":"event_id=5a662ae7-0b59-41d7-8534-f002f25df5a4 forwarded to account-service","logger_name":"com.eventledger.gateway.service.GatewayService","thread_name":"main","level":"INFO","level_value":20000,"trace_id":"39c69247-6c1b-44e7-8295-6776d93a0cf3","service":"event-gateway"}
]]></system-out>
  </testcase>
  <testcase name="accountServiceNetworkFailure_returns503" classname="com.eventledger.gateway.controller.GatewayControllerTest" time="0.071">
    <failure message="Response status expected:&lt;503&gt; but was:&lt;429&gt;" type="java.lang.AssertionError"><![CDATA[java.lang.AssertionError: Response status expected:<503> but was:<429>
	at org.springframework.test.util.AssertionErrors.fail(AssertionErrors.java:59)
	at org.springframework.test.util.AssertionErrors.assertEquals(AssertionErrors.java:122)
	at org.springframework.test.web.servlet.result.StatusResultMatchers.lambda$is$1(StatusResultMatchers.java:64)
	at org.springframework.test.web.servlet.MockMvc$1.andExpect(MockMvc.java:214)
	at com.eventledger.gateway.controller.GatewayControllerTest.sendEventWithId(GatewayControllerTest.java:219)
	at com.eventledger.gateway.controller.GatewayControllerTest.sendEvent(GatewayControllerTest.java:211)
	at com.eventledger.gateway.controller.GatewayControllerTest.accountServiceNetworkFailure_returns503(GatewayControllerTest.java:147)
	at java.base/java.lang.reflect.Method.invoke(Method.java:580)
	at java.base/java.util.ArrayList.forEach(ArrayList.java:1596)
	at java.base/java.util.ArrayList.forEach(ArrayList.java:1596)
]]></failure>
    <system-out><![CDATA[{"@timestamp":"2026-06-03T02:04:18.85555837Z","@version":"1","message":"Account service unavailable for account=acc-6 eventId=f501df0d-9cc3-4167-9433-be3acf51228d: I/O error on POST request for \"http://localhost:40043/accounts/acc-6/transactions\": Connection reset","logger_name":"com.eventledger.gateway.client.AccountServiceClient","thread_name":"main","level":"WARN","level_value":30000,"trace_id":"dc1ef957-efb5-48a1-9e0a-d6a2abeff2c5","service":"event-gateway"}
{"@timestamp":"2026-06-03T02:04:18.856958527Z","@version":"1","message":"Account service unavailable for account=acc-6 eventId=f501df0d-9cc3-4167-9433-be3acf51228d: Account service unavailable: I/O error on POST request for \"http://localhost:40043/accounts/acc-6/transactions\": Connection reset","logger_name":"com.eventledger.gateway.client.AccountServiceClient","thread_name":"main","level":"WARN","level_value":30000,"trace_id":"dc1ef957-efb5-48a1-9e0a-d6a2abeff2c5","service":"event-gateway"}

MockHttpServletRequest:
      HTTP Method = POST
      Request URI = /events
       Parameters = {}
          Headers = [Content-Type:"application/json;charset=UTF-8", Content-Length:"152"]
             Body = {"accountId":"acc-6","amount":100.00,"eventId":"f501df0d-9cc3-4167-9433-be3acf51228d","eventTimestamp":"2026-06-03T02:04:18.825401196Z","type":"CREDIT"}
    Session Attrs = {}

Handler:
             Type = com.eventledger.gateway.controller.GatewayController
           Method = com.eventledger.gateway.controller.GatewayController#createEvent(CreateEventRequest)

Async:
    Async started = false
     Async result = null

Resolved Exception:
             Type = null

ModelAndView:
        View name = null
             View = null
            Model = null

FlashMap:
       Attributes = null

MockHttpServletResponse:
           Status = 429
    Error message = null
          Headers = [X-Trace-Id:"dc1ef957-efb5-48a1-9e0a-d6a2abeff2c5"]
     Content type = null
             Body = 
    Forwarded URL = null
   Redirected URL = null
          Cookies = []
]]></system-out>
  </testcase>
  <testcase name="accountServiceDown_returns503" classname="com.eventledger.gateway.controller.GatewayControllerTest" time="0.027">
    <failure message="Response status expected:&lt;503&gt; but was:&lt;429&gt;" type="java.lang.AssertionError"><![CDATA[java.lang.AssertionError: Response status expected:<503> but was:<429>
	at org.springframework.test.util.AssertionErrors.fail(AssertionErrors.java:59)
	at org.springframework.test.util.AssertionErrors.assertEquals(AssertionErrors.java:122)
	at org.springframework.test.web.servlet.result.StatusResultMatchers.lambda$is$1(StatusResultMatchers.java:64)
	at org.springframework.test.web.servlet.MockMvc$1.andExpect(MockMvc.java:214)
	at com.eventledger.gateway.controller.GatewayControllerTest.sendEventWithId(GatewayControllerTest.java:219)
	at com.eventledger.gateway.controller.GatewayControllerTest.sendEvent(GatewayControllerTest.java:211)
	at com.eventledger.gateway.controller.GatewayControllerTest.accountServiceDown_returns503(GatewayControllerTest.java:135)
	at java.base/java.lang.reflect.Method.invoke(Method.java:580)
	at java.base/java.util.ArrayList.forEach(ArrayList.java:1596)
	at java.base/java.util.ArrayList.forEach(ArrayList.java:1596)
]]></failure>
    <system-out><![CDATA[{"@timestamp":"2026-06-03T02:04:18.911014573Z","@version":"1","message":"Account service unavailable for account=acc-5 eventId=4ebaf5e4-82fb-42d9-b3b9-866f0b012f39: 503 Service Unavailable: [no body]","logger_name":"com.eventledger.gateway.client.AccountServiceClient","thread_name":"main","level":"WARN","level_value":30000,"trace_id":"d294c720-fd5b-479c-8c0b-a0d27f361ad4","service":"event-gateway"}
{"@timestamp":"2026-06-03T02:04:18.911498813Z","@version":"1","message":"Account service unavailable for account=acc-5 eventId=4ebaf5e4-82fb-42d9-b3b9-866f0b012f39: Account service unavailable: 503 Service Unavailable: [no body]","logger_name":"com.eventledger.gateway.client.AccountServiceClient","thread_name":"main","level":"WARN","level_value":30000,"trace_id":"d294c720-fd5b-479c-8c0b-a0d27f361ad4","service":"event-gateway"}

MockHttpServletRequest:
      HTTP Method = POST
      Request URI = /events
       Parameters = {}
          Headers = [Content-Type:"application/json;charset=UTF-8", Content-Length:"152"]
             Body = {"accountId":"acc-5","amount":100.00,"eventId":"4ebaf5e4-82fb-42d9-b3b9-866f0b012f39","eventTimestamp":"2026-06-03T02:04:18.894139885Z","type":"CREDIT"}
    Session Attrs = {}

Handler:
             Type = com.eventledger.gateway.controller.GatewayController
           Method = com.eventledger.gateway.controller.GatewayController#createEvent(CreateEventRequest)

Async:
    Async started = false
     Async result = null

Resolved Exception:
             Type = null

ModelAndView:
        View name = null
             View = null
            Model = null

FlashMap:
       Attributes = null

MockHttpServletResponse:
           Status = 429
    Error message = null
          Headers = [X-Trace-Id:"d294c720-fd5b-479c-8c0b-a0d27f361ad4"]
     Content type = null
             Body = 
    Forwarded URL = null
   Redirected URL = null
          Cookies = []
]]></system-out>
  </testcase>
  <testcase name="traceIdForwardedToAccountService" classname="com.eventledger.gateway.controller.GatewayControllerTest" time="0.046">
    <system-out><![CDATA[{"@timestamp":"2026-06-03T02:04:18.932149921Z","@version":"1","message":"event_id=3581bd41-a29e-4c97-8d38-0eb2c7f55e34 forwarded to account-service","logger_name":"com.eventledger.gateway.service.GatewayService","thread_name":"main","level":"INFO","level_value":20000,"trace_id":"trace-6431694c-6686-478f-970c-17712ea822b2","service":"event-gateway"}
]]></system-out>
  </testcase>
  <testcase name="traceIdGeneratedIfAbsent" classname="com.eventledger.gateway.controller.GatewayControllerTest" time="0.043">
    <system-out><![CDATA[{"@timestamp":"2026-06-03T02:04:19.003444584Z","@version":"1","message":"event_id=d7777661-23fc-4cca-b9de-6186cc433305 forwarded to account-service","logger_name":"com.eventledger.gateway.service.GatewayService","thread_name":"main","level":"INFO","level_value":20000,"trace_id":"db67b041-735b-4e66-b3a0-858c80c374f8","service":"event-gateway"}
]]></system-out>
  </testcase>
  <testcase name="validationRejectsBadType" classname="com.eventledger.gateway.controller.GatewayControllerTest" time="0.046"/>
  <testcase name="validationRejectsBlankAccountId" classname="com.eventledger.gateway.controller.GatewayControllerTest" time="0.015"/>
  <testcase name="getEvent_readsFromGatewayDb" classname="com.eventledger.gateway.controller.GatewayControllerTest" time="0.048">
    <system-out><![CDATA[{"@timestamp":"2026-06-03T02:04:19.11401797Z","@version":"1","message":"event_id=d33ef7e1-91c4-45d5-ad4a-6f9ec3982dc7 forwarded to account-service","logger_name":"com.eventledger.gateway.service.GatewayService","thread_name":"main","level":"INFO","level_value":20000,"trace_id":"ecac9876-1eb2-4884-ae7d-d84a6be916d4","service":"event-gateway"}
]]></system-out>
  </testcase>
  <testcase name="getUnknownEvent_returns404" classname="com.eventledger.gateway.controller.GatewayControllerTest" time="0.016"/>
  <testcase name="duplicateEvent_returns208" classname="com.eventledger.gateway.controller.GatewayControllerTest" time="0.037">
    <system-out><![CDATA[{"@timestamp":"2026-06-03T02:04:19.181579122Z","@version":"1","message":"event_id=cf0b1e7a-e6ba-4f7b-99f4-d1ac938c6402 forwarded to account-service","logger_name":"com.eventledger.gateway.service.GatewayService","thread_name":"main","level":"INFO","level_value":20000,"trace_id":"4a86cb08-47e6-457b-a0d1-163eab854564","service":"event-gateway"}
]]></system-out>
  </testcase>
</testsuite>